<?xml version="1.0" encoding="UTF-8"?>
<testsuite xmlns:xsi="http://www.w3.org/2001/XMLSchema-instance" xsi:schemaLocation="https://maven.apache.org/surefire/maven-surefire-plugin/xsd/surefire-test-report.xsd" name="pl.polsl.model.TankModelTest" time="0.271" tests="21" errors="0" skipped="0" failures="0">
  <properties>
    <property name="java.runtime.name" value="Java(TM) SE Runtime Environment"/>
    <property name="java.vm.version" value="17.0.4.1+1-LTS-2"/>
    <property name="sun.boot.library.path" value="C:\Program Files\Java\jdk-17.0.4.1\bin"/>
    <property name="maven.multiModuleProjectDirectory" value="C:\Users\alert\OneDrive\Dokumenty\NetBeansProjects\Michal_Kapuscinski_FluidLevelMonitoring"/>
    <property name="java.vm.vendor" value="Oracle Corporation"/>
    <property name="java.vendor.url" value="https://java.oracle.com/"/>
    <property name="guice.disable.misplaced.annotation.check" value="true"/>
    <property name="path.separator" value=";"/>
    <property name="java.vm.name" value="Java HotSpot(TM) 64-Bit Server VM"/>
    <property name="sun.os.patch.level" value=""/>
    <property name="user.script" value=""/>
    <property name="user.country" value="PL"/>
    <property name="sun.java.launcher" value="SUN_STANDARD"/>
    <property name="test" value="pl.polsl.model.TankModelTest"/>
    <property name="java.vm.specification.name" value="Java Virtual Machine Specification"/>
    <property name="user.dir" value="C:\Users\alert\OneDrive\Dokumenty\NetBeansProjects\Michal_Kapuscinski_FluidLevelMonitoring"/>
    <property name="java.vm.compressedOopsMode" value="32-bit"/>
    <property name="java.runtime.version" value="17.0.4.1+1-LTS-2"/>
    <property name="os.arch" value="amd64"/>
    <property name="java.io.tmpdir" value="C:\Users\alert\AppData\Local\Temp\"/>
    <property name="line.separator" value="&#10;"/>
    <property name="java.vm.specification.vendor" value="Oracle Corporation"/>
    <property name="user.variant" value=""/>
    <property name="os.name" value="Windows 10"/>
    <property name="maven.ext.class.path" value="C:\Program Files\NetBeans-15\netbeans\java\maven-nblib\netbeans-eventspy.jar"/>
    <property name="classworlds.conf" value="C:\Program Files\NetBeans-15\netbeans\java\maven\bin\m2.conf"/>
    <property name="sun.jnu.encoding" value="Cp1250"/>
    <property name="java.library.path" value="C:\Program Files\Java\jdk-17.0.4.1\bin;C:\WINDOWS\Sun\Java\bin;C:\WINDOWS\system32;C:\WINDOWS;C:\Program Files\Eclipse Foundation\jdk-8.0.302.8-hotspot\bin;C:\Program Files\Common Files\Oracle\Java\javapath;C:\Program Files (x86)\Common Files\Oracle\Java\javapath;C:\Program Files (x86)\Intel\iCLS Client\;C:\Program Files\Intel\iCLS Client\;C:\Windows\system32;C:\Windows;C:\Windows\System32\Wbem;C:\Windows\System32\WindowsPowerShell\v1.0\;C:\Program Files (x86)\Intel\Intel(R) Management Engine Components\DAL;C:\Program Files\Intel\Intel(R) Management Engine Components\DAL;C:\Program Files (x86)\Intel\Intel(R) Management Engine Components\IPT;C:\Program Files\Intel\Intel(R) Management Engine Components\IPT;C:\Program Files (x86)\NVIDIA Corporation\PhysX\Common;C:\WINDOWS\system32;C:\WINDOWS;C:\WINDOWS\System32\Wbem;C:\WINDOWS\System32\WindowsPowerShell\v1.0\;C:\WINDOWS\System32\OpenSSH\;C;C:\Program Files (x86)\Windows Kits\10\Windows Performance Toolkit\;C:\Program Files\dotnet\;C:\Program Files\PuTTY\;C:\Users\alert\AppData\Local\Microsoft\WindowsApps;C:\Users\alert\AppData\Local\Programs\MiKTeX\miktex\bin\x64\;C:\Users\alert\.dotnet\tools;."/>
    <property name="maven.conf" value="C:\Program Files\NetBeans-15\netbeans\java\maven/conf"/>
    <property name="jdk.debug" value="release"/>
    <property name="java.class.version" value="61.0"/>
    <property name="java.specification.name" value="Java Platform API Specification"/>
    <property name="sun.management.compiler" value="HotSpot 64-Bit Tiered Compilers"/>
    <property name="os.version" value="10.0"/>
    <property name="library.jansi.path" value="C:\Program Files\NetBeans-15\netbeans\java\maven\lib\jansi-native"/>
    <property name="user.home" value="C:\Users\alert"/>
    <property name="user.timezone" value="Europe/Warsaw"/>
    <property name="file.encoding" value="UTF-8"/>
    <property name="java.specification.version" value="17"/>
    <property name="user.name" value="Alert2"/>
    <property name="java.class.path" value="C:\Program Files\NetBeans-15\netbeans\java\maven\boot\plexus-classworlds-2.6.0.jar"/>
    <property name="java.vm.specification.version" value="17"/>
    <property name="sun.arch.data.model" value="64"/>
    <property name="sun.java.command" value="org.codehaus.plexus.classworlds.launcher.Launcher -Dtest=pl.polsl.model.TankModelTest -Dmaven.ext.class.path=C:\Program Files\NetBeans-15\netbeans\java\maven-nblib\netbeans-eventspy.jar -Dfile.encoding=UTF-8 surefire:test"/>
    <property name="java.home" value="C:\Program Files\Java\jdk-17.0.4.1"/>
    <property name="user.language" value="pl"/>
    <property name="java.specification.vendor" value="Oracle Corporation"/>
    <property name="java.vm.info" value="mixed mode, sharing"/>
    <property name="java.version" value="17.0.4.1"/>
    <property name="native.encoding" value="Cp1250"/>
    <property name="java.vendor" value="Oracle Corporation"/>
    <property name="maven.home" value="C:\Program Files\NetBeans-15\netbeans\java\maven"/>
    <property name="file.separator" value="\"/>
    <property name="java.version.date" value="2022-08-18"/>
    <property name="java.vendor.url.bug" value="https://bugreport.java.com/bugreport/"/>
    <property name="sun.io.unicode.encoding" value="UnicodeLittle"/>
    <property name="sun.cpu.endian" value="little"/>
    <property name="sun.cpu.isalist" value="amd64"/>
  </properties>
  <testcase name="testCalculateBaseArea{int, int}[1]" classname="pl.polsl.model.TankModelTest" time="0.09"/>
  <testcase name="testCalculateMaxHeight{int}[1]" classname="pl.polsl.model.TankModelTest" time="0.001"/>
  <testcase name="testCalculateMaxHeight{int}[2]" classname="pl.polsl.model.TankModelTest" time="0.003"/>
  <testcase name="testCalculateMaxHeight{int}[3]" classname="pl.polsl.model.TankModelTest" time="0.002"/>
  <testcase name="testCalculateMaxHeight{int}[4]" classname="pl.polsl.model.TankModelTest" time="0.001"/>
  <testcase name="testCalculateMaxHeight{int}[5]" classname="pl.polsl.model.TankModelTest" time="0.005"/>
  <testcase name="testUpdateFluidHeight{double}[1]" classname="pl.polsl.model.TankModelTest" time="0"/>
  <testcase name="testUpdateFluidHeight{double}[2]" classname="pl.polsl.model.TankModelTest" time="0"/>
  <testcase name="testUpdateFluidHeight{double}[3]" classname="pl.polsl.model.TankModelTest" time="0"/>
  <testcase name="testUpdateFluidHeight{double}[4]" classname="pl.polsl.model.TankModelTest" time="0.001"/>
  <testcase name="testUpdateFluidHeight{double}[5]" classname="pl.polsl.model.TankModelTest" time="0.001"/>
  <testcase name="testCalculateMinHeight{int}[1]" classname="pl.polsl.model.TankModelTest" time="0.001"/>
  <testcase name="testCalculateMinHeight{int}[2]" classname="pl.polsl.model.TankModelTest" time="0"/>
  <testcase name="testCalculateMinHeight{int}[3]" classname="pl.polsl.model.TankModelTest" time="0"/>
  <testcase name="testCalculateMinHeight{int}[4]" classname="pl.polsl.model.TankModelTest" time="0.002"/>
  <testcase name="testCalculateMinHeight{int}[5]" classname="pl.polsl.model.TankModelTest" time="0.001"/>
  <testcase name="testCalculateAverageHeight{int}[1]" classname="pl.polsl.model.TankModelTest" time="0.005"/>
  <testcase name="testCalculateAverageHeight{int}[2]" classname="pl.polsl.model.TankModelTest" time="0.001"/>
  <testcase name="testCalculateAverageHeight{int}[3]" classname="pl.polsl.model.TankModelTest" time="0.001"/>
  <testcase name="testCalculateAverageHeight{int}[4]" classname="pl.polsl.model.TankModelTest" time="0"/>
  <testcase name="testCalculateAverageHeight{int}[5]" classname="pl.polsl.model.TankModelTest" time="0"/>
</testsuite>